2023-11-17 10:12:30.620  INFO 20636 --- [main] c.r.SpringBootRestApiStarterApplication  : Starting SpringBootRestApiStarterApplication using Java 21.0.1 on KS20L678 with PID 20636 (C:\Users\kumaran\Desktop\JS programming\Pharmacy Management\target\classes started by kumaran in C:\Users\kumaran\Desktop\JS programming\Pharmacy Management)
2023-11-17 10:12:30.632  INFO 20636 --- [main] c.r.SpringBootRestApiStarterApplication  : No active profile set, falling back to 1 default profile: "default"
2023-11-17 10:12:32.131  INFO 20636 --- [main] .s.d.r.c.RepositoryConfigurationDelegate : Bootstrapping Spring Data JPA repositories in DEFAULT mode.
2023-11-17 10:12:32.268  INFO 20636 --- [main] .s.d.r.c.RepositoryConfigurationDelegate : Finished Spring Data repository scanning in 120 ms. Found 9 JPA repository interfaces.
2023-11-17 10:12:33.248  INFO 20636 --- [main] o.s.b.w.embedded.tomcat.TomcatWebServer  : Tomcat initialized with port(s): 8080 (http)
2023-11-17 10:12:33.263  INFO 20636 --- [main] o.apache.catalina.core.StandardService   : Starting service [Tomcat]
2023-11-17 10:12:33.263  INFO 20636 --- [main] org.apache.catalina.core.StandardEngine  : Starting Servlet engine: [Apache Tomcat/9.0.82]
2023-11-17 10:12:33.762  INFO 20636 --- [main] o.a.c.c.C.[Tomcat].[localhost].[/]       : Initializing Spring embedded WebApplicationContext
2023-11-17 10:12:33.762  INFO 20636 --- [main] w.s.c.ServletWebServerApplicationContext : Root WebApplicationContext: initialization completed in 3038 ms
2023-11-17 10:12:34.014  INFO 20636 --- [main] o.hibernate.jpa.internal.util.LogHelper  : HHH000204: Processing PersistenceUnitInfo [name: default]
2023-11-17 10:12:34.080  INFO 20636 --- [main] org.hibernate.Version                    : HHH000412: Hibernate ORM core version 5.6.15.Final
2023-11-17 10:12:34.322  INFO 20636 --- [main] o.hibernate.annotations.common.Version   : HCANN000001: Hibernate Commons Annotations {5.1.2.Final}
2023-11-17 10:12:34.432  INFO 20636 --- [main] com.zaxxer.hikari.HikariDataSource       : HikariPool-1 - Starting...
2023-11-17 10:12:34.439  WARN 20636 --- [main] com.zaxxer.hikari.util.DriverDataSource  : Registered driver with driverClassName=com.mysql.jdbc.Driver was not found, trying direct instantiation.
2023-11-17 10:12:34.624  INFO 20636 --- [main] com.zaxxer.hikari.HikariDataSource       : HikariPool-1 - Start completed.
2023-11-17 10:12:34.638  INFO 20636 --- [main] org.hibernate.dialect.Dialect            : HHH000400: Using dialect: org.hibernate.dialect.MySQL8Dialect
2023-11-17 10:12:35.696  INFO 20636 --- [main] o.h.e.t.j.p.i.JtaPlatformInitiator       : HHH000490: Using JtaPlatform implementation: [org.hibernate.engine.transaction.jta.platform.internal.NoJtaPlatform]
2023-11-17 10:12:35.706  INFO 20636 --- [main] j.LocalContainerEntityManagerFactoryBean : Initialized JPA EntityManagerFactory for persistence unit 'default'
2023-11-17 10:12:35.753  WARN 20636 --- [main] JpaBaseConfiguration$JpaWebConfiguration : spring.jpa.open-in-view is enabled by default. Therefore, database queries may be performed during view rendering. Explicitly configure spring.jpa.open-in-view to disable this warning
2023-11-17 10:12:37.405 TRACE 20636 --- [main] eGlobalAuthenticationAutowiredConfigurer : Eagerly initializing {securityConfig=com.restapi.config.SecurityConfig$$EnhancerBySpringCGLIB$$bd296ec1@43201f84}
2023-11-17 10:12:37.555 DEBUG 20636 --- [main] edFilterInvocationSecurityMetadataSource : Adding web access control expression [permitAll] for Ant [pattern='/h2-console/**']
2023-11-17 10:12:37.557 DEBUG 20636 --- [main] edFilterInvocationSecurityMetadataSource : Adding web access control expression [permitAll] for Ant [pattern='/api/auth/**']
2023-11-17 10:12:37.557 DEBUG 20636 --- [main] edFilterInvocationSecurityMetadataSource : Adding web access control expression [permitAll] for Ant [pattern='/swagger-ui/**']
2023-11-17 10:12:37.557 DEBUG 20636 --- [main] edFilterInvocationSecurityMetadataSource : Adding web access control expression [authenticated] for any request
2023-11-17 10:12:37.564 TRACE 20636 --- [main] o.s.s.w.a.i.FilterSecurityInterceptor    : Validated configuration attributes
2023-11-17 10:12:37.566 TRACE 20636 --- [main] o.s.s.w.a.i.FilterSecurityInterceptor    : Validated configuration attributes
2023-11-17 10:12:37.573  INFO 20636 --- [main] o.s.s.web.DefaultSecurityFilterChain     : Will secure any request with [org.springframework.security.web.session.DisableEncodeUrlFilter@4fbdee7a, org.springframework.security.web.context.request.async.WebAsyncManagerIntegrationFilter@615bd28b, org.springframework.security.web.context.SecurityContextPersistenceFilter@1ddc5857, org.springframework.security.web.header.HeaderWriterFilter@35fd03d9, org.springframework.security.web.authentication.logout.LogoutFilter@4b407ac7, org.springframework.security.web.authentication.www.BasicAuthenticationFilter@17e725fb, org.springframework.security.web.savedrequest.RequestCacheAwareFilter@42bbd21c, org.springframework.security.web.servletapi.SecurityContextHolderAwareRequestFilter@57f1fbae, org.springframework.security.web.authentication.AnonymousAuthenticationFilter@2b9a7211, org.springframework.security.web.session.SessionManagementFilter@68ee7b3b, org.springframework.security.web.access.ExceptionTranslationFilter@eb77241, org.springframework.security.web.access.intercept.FilterSecurityInterceptor@409df37d]
2023-11-17 10:12:37.894  INFO 20636 --- [main] o.s.b.w.embedded.tomcat.TomcatWebServer  : Tomcat started on port(s): 8080 (http) with context path ''
2023-11-17 10:12:38.407  INFO 20636 --- [main] c.r.SpringBootRestApiStarterApplication  : Started SpringBootRestApiStarterApplication in 8.344 seconds (JVM running for 10.283)
